#
# There is insufficient memory for the Java Runtime Environment to continue.
# Native memory allocation (malloc) failed to allocate 1573456 bytes for Chunk::new
# Possible reasons:
#   The system is out of physical RAM or swap space
#   The process is running with CompressedOops enabled, and the Java Heap may be blocking the growth of the native heap
# Possible solutions:
#   Reduce memory load on the system
#   Increase physical memory or swap space
#   Check if swap backing store is full
#   Decrease Java heap size (-Xmx/-Xms)
#   Decrease number of Java threads
#   Decrease Java thread stack sizes (-Xss)
#   Set larger code cache with -XX:ReservedCodeCacheSize=
#   JVM is running with Unscaled Compressed Oops mode in which the Java heap is
#     placed in the first 4GB address space. The Java Heap base address is the
#     maximum limit for the native heap growth. Please use -XX:HeapBaseMinAddress
#     to set the Java Heap base and to place the Java Heap above 4GB virtual address.
# This output file may be truncated or incomplete.
#
#  Out of Memory Error (arena.cpp:189), pid=29528, tid=14752
#
# JRE version: OpenJDK Runtime Environment (17.0.6) (build 17.0.6+0-b2043.56-10027231)
# Java VM: OpenJDK 64-Bit Server VM (17.0.6+0-b2043.56-10027231, mixed mode, tiered, compressed oops, compressed class ptrs, g1 gc, windows-amd64)
# No core dump will be written. Minidumps are not enabled by default on client versions of Windows
#

---------------  S U M M A R Y ------------

Command Line: --add-opens=java.base/java.util=ALL-UNNAMED --add-opens=java.base/java.lang=ALL-UNNAMED --add-opens=java.base/java.lang.invoke=ALL-UNNAMED --add-opens=java.prefs/java.util.prefs=ALL-UNNAMED --add-opens=java.base/java.nio.charset=ALL-UNNAMED --add-opens=java.base/java.net=ALL-UNNAMED --add-opens=java.base/java.util.concurrent.atomic=ALL-UNNAMED -Xmx2048m -Dfile.encoding=UTF-8 -Duser.country=ES -Duser.language=es -Duser.variant org.gradle.launcher.daemon.bootstrap.GradleDaemon 8.0

Host: AMD Ryzen 5 3450U with Radeon Vega Mobile Gfx  , 8 cores, 5G,  Windows 11 , 64 bit Build 26100 (10.0.26100.391)
Time: Mon May 27 20:16:41 2024 Hora est. Pacífico, Sudamérica elapsed time: 13.692450 seconds (0d 0h 0m 13s)

---------------  T H R E A D  ---------------

Current thread (0x000002317a825f90):  JavaThread "C2 CompilerThread0" daemon [_thread_in_native, id=14752, stack(0x000000cdd6c00000,0x000000cdd6d00000)]


Current CompileTask:
C2:  13692 2154   !   4       java.lang.ClassLoader::loadClass (121 bytes)

Stack: [0x000000cdd6c00000,0x000000cdd6d00000]
Native frames: (J=compiled Java code, j=interpreted, Vv=VM code, C=native code)
V  [jvm.dll+0x683c9a]
V  [jvm.dll+0x8427a4]
V  [jvm.dll+0x843f9e]
V  [jvm.dll+0x844603]
V  [jvm.dll+0x249b75]
V  [jvm.dll+0xabcac]
V  [jvm.dll+0xac27c]
V  [jvm.dll+0x368802]
V  [jvm.dll+0x332f31]
V  [jvm.dll+0x3323da]
V  [jvm.dll+0x21c201]
V  [jvm.dll+0x21b621]
V  [jvm.dll+0x1a4fdd]
V  [jvm.dll+0x22b098]
V  [jvm.dll+0x229159]
V  [jvm.dll+0x7f81ec]
V  [jvm.dll+0x7f274a]
V  [jvm.dll+0x682ad5]
C  [ucrtbase.dll+0x43340]
C  [KERNEL32.DLL+0x31fd7]
C  [ntdll.dll+0x6d7d0]


---------------  P R O C E S S  ---------------

Threads class SMR info:
_java_thread_list=0x000002317d8ff810, length=26, elements={
0x000002315dd3cf90, 0x0000023179dd5260, 0x0000023179dd5fa0, 0x000002317a81b690,
0x000002317a81df60, 0x000002317a81f390, 0x000002317a8207c0, 0x000002317a825f90,
0x000002317a8294c0, 0x000002317a82add0, 0x000002317a9a1c90, 0x000002317a9ca030,
0x000002317c0a0030, 0x000002317b5d6860, 0x000002317bfef5f0, 0x000002317ad46bc0,
0x000002317aea05c0, 0x000002317b7f3ab0, 0x000002317c132130, 0x000002317aabc790,
0x000002317aabcc60, 0x000002317aabdad0, 0x000002317aac0150, 0x000002317aabe940,
0x000002317aabf2e0, 0x000002317aabd600
}

Java Threads: ( => current thread )
  0x000002315dd3cf90 JavaThread "main" [_thread_blocked, id=20460, stack(0x000000cdd5f00000,0x000000cdd6000000)]
  0x0000023179dd5260 JavaThread "Reference Handler" daemon [_thread_blocked, id=7044, stack(0x000000cdd6600000,0x000000cdd6700000)]
  0x0000023179dd5fa0 JavaThread "Finalizer" daemon [_thread_blocked, id=31660, stack(0x000000cdd6700000,0x000000cdd6800000)]
  0x000002317a81b690 JavaThread "Signal Dispatcher" daemon [_thread_blocked, id=27608, stack(0x000000cdd6800000,0x000000cdd6900000)]
  0x000002317a81df60 JavaThread "Attach Listener" daemon [_thread_blocked, id=16416, stack(0x000000cdd6900000,0x000000cdd6a00000)]
  0x000002317a81f390 JavaThread "Service Thread" daemon [_thread_blocked, id=412, stack(0x000000cdd6a00000,0x000000cdd6b00000)]
  0x000002317a8207c0 JavaThread "Monitor Deflation Thread" daemon [_thread_blocked, id=12192, stack(0x000000cdd6b00000,0x000000cdd6c00000)]
=>0x000002317a825f90 JavaThread "C2 CompilerThread0" daemon [_thread_in_native, id=14752, stack(0x000000cdd6c00000,0x000000cdd6d00000)]
  0x000002317a8294c0 JavaThread "C1 CompilerThread0" daemon [_thread_in_native, id=908, stack(0x000000cdd6d00000,0x000000cdd6e00000)]
  0x000002317a82add0 JavaThread "Sweeper thread" daemon [_thread_blocked, id=20348, stack(0x000000cdd6e00000,0x000000cdd6f00000)]
  0x000002317a9a1c90 JavaThread "Common-Cleaner" daemon [_thread_blocked, id=23864, stack(0x000000cdd6f00000,0x000000cdd7000000)]
  0x000002317a9ca030 JavaThread "Notification Thread" daemon [_thread_blocked, id=31596, stack(0x000000cdd7000000,0x000000cdd7100000)]
  0x000002317c0a0030 JavaThread "Daemon health stats" [_thread_blocked, id=2328, stack(0x000000cdd7600000,0x000000cdd7700000)]
  0x000002317b5d6860 JavaThread "Incoming local TCP Connector on port 53092" [_thread_in_native, id=20700, stack(0x000000cdd7700000,0x000000cdd7800000)]
  0x000002317bfef5f0 JavaThread "Daemon periodic checks" [_thread_blocked, id=22032, stack(0x000000cdd7800000,0x000000cdd7900000)]
  0x000002317ad46bc0 JavaThread "Daemon" [_thread_blocked, id=16068, stack(0x000000cdd7900000,0x000000cdd7a00000)]
  0x000002317aea05c0 JavaThread "Handler for socket connection from /127.0.0.1:53092 to /127.0.0.1:53093" [_thread_in_native, id=11200, stack(0x000000cdd7a00000,0x000000cdd7b00000)]
  0x000002317b7f3ab0 JavaThread "Cancel handler" [_thread_blocked, id=14760, stack(0x000000cdd7b00000,0x000000cdd7c00000)]
  0x000002317c132130 JavaThread "Daemon worker" [_thread_in_native, id=7760, stack(0x000000cdd7c00000,0x000000cdd7d00000)]
  0x000002317aabc790 JavaThread "Asynchronous log dispatcher for DefaultDaemonConnection: socket connection from /127.0.0.1:53092 to /127.0.0.1:53093" [_thread_blocked, id=9324, stack(0x000000cdd7d00000,0x000000cdd7e00000)]
  0x000002317aabcc60 JavaThread "Stdin handler" [_thread_blocked, id=24996, stack(0x000000cdd7e00000,0x000000cdd7f00000)]
  0x000002317aabdad0 JavaThread "Daemon client event forwarder" [_thread_blocked, id=23804, stack(0x000000cdd7f00000,0x000000cdd8000000)]
  0x000002317aac0150 JavaThread "Cache worker for journal cache (C:\Users\DELL\.gradle\caches\journal-1)" [_thread_blocked, id=24804, stack(0x000000cdd8400000,0x000000cdd8500000)]
  0x000002317aabe940 JavaThread "File lock request listener" [_thread_in_native, id=21432, stack(0x000000cdd8500000,0x000000cdd8600000)]
  0x000002317aabf2e0 JavaThread "File lock release action executor" [_thread_blocked, id=3504, stack(0x000000cdd8600000,0x000000cdd8700000)]
  0x000002317aabd600 JavaThread "Cache worker for file hash cache (C:\Users\DELL\.gradle\caches\8.0\fileHashes)" [_thread_blocked, id=20588, stack(0x000000cdd8700000,0x000000cdd8800000)]

Other Threads:
  0x0000023179da7610 VMThread "VM Thread" [stack: 0x000000cdd6500000,0x000000cdd6600000] [id=11300]
  0x000002317a9cb120 WatcherThread [stack: 0x000000cdd7100000,0x000000cdd7200000] [id=12900]
  0x000002315f7b8eb0 GCTaskThread "GC Thread#0" [stack: 0x000000cdd6000000,0x000000cdd6100000] [id=29408]
  0x000002317b781630 GCTaskThread "GC Thread#1" [stack: 0x000000cdd7200000,0x000000cdd7300000] [id=10060]
  0x000002317b4f71d0 GCTaskThread "GC Thread#2" [stack: 0x000000cdd7300000,0x000000cdd7400000] [id=21108]
  0x000002317b9d9110 GCTaskThread "GC Thread#3" [stack: 0x000000cdd7400000,0x000000cdd7500000] [id=22488]
  0x000002317bfb3d00 GCTaskThread "GC Thread#4" [stack: 0x000000cdd7500000,0x000000cdd7600000] [id=31592]
  0x000002317c2398f0 GCTaskThread "GC Thread#5" [stack: 0x000000cdd8000000,0x000000cdd8100000] [id=28096]
  0x000002317af190e0 GCTaskThread "GC Thread#6" [stack: 0x000000cdd8100000,0x000000cdd8200000] [id=28304]
  0x000002317af19390 GCTaskThread "GC Thread#7" [stack: 0x000000cdd8200000,0x000000cdd8300000] [id=24948]
  0x000002315f7ca9d0 ConcurrentGCThread "G1 Main Marker" [stack: 0x000000cdd6100000,0x000000cdd6200000] [id=29732]
  0x000002315f7cb2f0 ConcurrentGCThread "G1 Conc#0" [stack: 0x000000cdd6200000,0x000000cdd6300000] [id=6384]
  0x000002317ae7fa30 ConcurrentGCThread "G1 Conc#1" [stack: 0x000000cdd8300000,0x000000cdd8400000] [id=19448]
  0x000002315f81e270 ConcurrentGCThread "G1 Refine#0" [stack: 0x000000cdd6300000,0x000000cdd6400000] [id=25832]
  0x000002315f81ea40 ConcurrentGCThread "G1 Service" [stack: 0x000000cdd6400000,0x000000cdd6500000] [id=30040]

Threads with active compile tasks:
C2 CompilerThread0    13748 2154   !   4       java.lang.ClassLoader::loadClass (121 bytes)

VM state: not at safepoint (normal execution)

VM Mutex/Monitor currently owned by a thread: None

Heap address: 0x0000000080000000, size: 2048 MB, Compressed Oops mode: 32-bit

CDS archive(s) not mapped
Compressed class space mapped at: 0x0000000100000000-0x0000000140000000, reserved size: 1073741824
Narrow klass base: 0x0000000000000000, Narrow klass shift: 3, Narrow klass range: 0x140000000

GC Precious Log:
 CPUs: 8 total, 8 available
 Memory: 6030M
 Large Page Support: Disabled
 NUMA Support: Disabled
 Compressed Oops: Enabled (32-bit)
 Heap Region Size: 1M
 Heap Min Capacity: 8M
 Heap Initial Capacity: 96M
 Heap Max Capacity: 2G
 Pre-touch: Disabled
 Parallel Workers: 8
 Concurrent Workers: 2
 Concurrent Refinement Workers: 8
 Periodic GC: Disabled

Heap:
 garbage-first heap   total 65536K, used 35478K [0x0000000080000000, 0x0000000100000000)
  region size 1024K, 25 young (25600K), 7 survivors (7168K)
 Metaspace       used 24116K, committed 24448K, reserved 1073152K
  class space    used 3058K, committed 3200K, reserved 1048576K

Heap Regions: E=young(eden), S=young(survivor), O=old, HS=humongous(starts), HC=humongous(continues), CS=collection set, F=free, OA=open archive, CA=closed archive, TAMS=top-at-mark-start (previous, next)
|   0|0x0000000080000000, 0x0000000080100000, 0x0000000080100000|100%|HS|  |TAMS 0x0000000080100000, 0x0000000080000000| Complete 
|   1|0x0000000080100000, 0x0000000080200000, 0x0000000080200000|100%|HC|  |TAMS 0x0000000080200000, 0x0000000080100000| Complete 
|   2|0x0000000080200000, 0x0000000080300000, 0x0000000080300000|100%|HC|  |TAMS 0x0000000080300000, 0x0000000080200000| Complete 
|   3|0x0000000080300000, 0x0000000080400000, 0x0000000080400000|100%|HC|  |TAMS 0x0000000080400000, 0x0000000080300000| Complete 
|   4|0x0000000080400000, 0x0000000080500000, 0x0000000080500000|100%| O|  |TAMS 0x0000000080500000, 0x0000000080400000| Untracked 
|   5|0x0000000080500000, 0x0000000080600000, 0x0000000080600000|100%| O|  |TAMS 0x0000000080600000, 0x0000000080500000| Untracked 
|   6|0x0000000080600000, 0x0000000080700000, 0x0000000080700000|100%| O|  |TAMS 0x0000000080700000, 0x0000000080600000| Untracked 
|   7|0x0000000080700000, 0x00000000807a5800, 0x0000000080800000| 64%| O|  |TAMS 0x0000000080700000, 0x0000000080700000| Complete 
|   8|0x0000000080800000, 0x0000000080900000, 0x0000000080900000|100%| O|  |TAMS 0x0000000080900000, 0x0000000080800000| Untracked 
|   9|0x0000000080900000, 0x0000000080a00000, 0x0000000080a00000|100%| O|  |TAMS 0x0000000080a00000, 0x0000000080900000| Untracked 
|  10|0x0000000080a00000, 0x0000000080b00000, 0x0000000080b00000|100%| O|  |TAMS 0x0000000080ad1a00, 0x0000000080a00000| Untracked 
|  11|0x0000000080b00000, 0x0000000080b00000, 0x0000000080c00000|  0%| F|  |TAMS 0x0000000080b00000, 0x0000000080b00000| Untracked 
|  12|0x0000000080c00000, 0x0000000080c00000, 0x0000000080d00000|  0%| F|  |TAMS 0x0000000080c00000, 0x0000000080c00000| Untracked 
|  13|0x0000000080d00000, 0x0000000080d00000, 0x0000000080e00000|  0%| F|  |TAMS 0x0000000080d00000, 0x0000000080d00000| Untracked 
|  14|0x0000000080e00000, 0x0000000080e00000, 0x0000000080f00000|  0%| F|  |TAMS 0x0000000080e00000, 0x0000000080e00000| Untracked 
|  15|0x0000000080f00000, 0x0000000080f00000, 0x0000000081000000|  0%| F|  |TAMS 0x0000000080f00000, 0x0000000080f00000| Untracked 
|  16|0x0000000081000000, 0x0000000081000000, 0x0000000081100000|  0%| F|  |TAMS 0x0000000081000000, 0x0000000081000000| Untracked 
|  17|0x0000000081100000, 0x0000000081100000, 0x0000000081200000|  0%| F|  |TAMS 0x0000000081100000, 0x0000000081100000| Untracked 
|  18|0x0000000081200000, 0x0000000081200000, 0x0000000081300000|  0%| F|  |TAMS 0x0000000081200000, 0x0000000081200000| Untracked 
|  19|0x0000000081300000, 0x0000000081300000, 0x0000000081400000|  0%| F|  |TAMS 0x0000000081300000, 0x0000000081300000| Untracked 
|  20|0x0000000081400000, 0x0000000081400000, 0x0000000081500000|  0%| F|  |TAMS 0x0000000081400000, 0x0000000081400000| Untracked 
|  21|0x0000000081500000, 0x0000000081500000, 0x0000000081600000|  0%| F|  |TAMS 0x0000000081500000, 0x0000000081500000| Untracked 
|  22|0x0000000081600000, 0x0000000081600000, 0x0000000081700000|  0%| F|  |TAMS 0x0000000081600000, 0x0000000081600000| Untracked 
|  23|0x0000000081700000, 0x0000000081700000, 0x0000000081800000|  0%| F|  |TAMS 0x0000000081700000, 0x0000000081700000| Untracked 
|  24|0x0000000081800000, 0x0000000081800000, 0x0000000081900000|  0%| F|  |TAMS 0x0000000081800000, 0x0000000081800000| Untracked 
|  25|0x0000000081900000, 0x0000000081900000, 0x0000000081a00000|  0%| F|  |TAMS 0x0000000081900000, 0x0000000081900000| Untracked 
|  26|0x0000000081a00000, 0x0000000081a00000, 0x0000000081b00000|  0%| F|  |TAMS 0x0000000081a00000, 0x0000000081a00000| Untracked 
|  27|0x0000000081b00000, 0x0000000081b00000, 0x0000000081c00000|  0%| F|  |TAMS 0x0000000081b00000, 0x0000000081b00000| Untracked 
|  28|0x0000000081c00000, 0x0000000081c00000, 0x0000000081d00000|  0%| F|  |TAMS 0x0000000081c00000, 0x0000000081c00000| Untracked 
|  29|0x0000000081d00000, 0x0000000081d00000, 0x0000000081e00000|  0%| F|  |TAMS 0x0000000081d00000, 0x0000000081d00000| Untracked 
|  30|0x0000000081e00000, 0x0000000081e00000, 0x0000000081f00000|  0%| F|  |TAMS 0x0000000081e00000, 0x0000000081e00000| Untracked 
|  31|0x0000000081f00000, 0x0000000081f00000, 0x0000000082000000|  0%| F|  |TAMS 0x0000000081f00000, 0x0000000081f00000| Untracked 
|  32|0x0000000082000000, 0x0000000082000000, 0x0000000082100000|  0%| F|  |TAMS 0x0000000082000000, 0x0000000082000000| Untracked 
|  33|0x0000000082100000, 0x0000000082100000, 0x0000000082200000|  0%| F|  |TAMS 0x0000000082100000, 0x0000000082100000| Untracked 
|  34|0x0000000082200000, 0x0000000082200000, 0x0000000082300000|  0%| F|  |TAMS 0x0000000082200000, 0x0000000082200000| Untracked 
|  35|0x0000000082300000, 0x0000000082300000, 0x0000000082400000|  0%| F|  |TAMS 0x0000000082300000, 0x0000000082300000| Untracked 
|  36|0x0000000082400000, 0x0000000082400000, 0x0000000082500000|  0%| F|  |TAMS 0x0000000082400000, 0x0000000082400000| Untracked 
|  37|0x0000000082500000, 0x0000000082500000, 0x0000000082600000|  0%| F|  |TAMS 0x0000000082500000, 0x0000000082500000| Untracked 
|  38|0x0000000082600000, 0x0000000082600000, 0x0000000082700000|  0%| F|  |TAMS 0x0000000082600000, 0x0000000082600000| Untracked 
|  39|0x0000000082700000, 0x00000000827f18c0, 0x0000000082800000| 94%| E|  |TAMS 0x0000000082700000, 0x0000000082700000| Complete 
|  40|0x0000000082800000, 0x0000000082900000, 0x0000000082900000|100%| E|CS|TAMS 0x0000000082800000, 0x0000000082800000| Complete 
|  41|0x0000000082900000, 0x0000000082a00000, 0x0000000082a00000|100%| E|CS|TAMS 0x0000000082900000, 0x0000000082900000| Complete 
|  42|0x0000000082a00000, 0x0000000082b00000, 0x0000000082b00000|100%| E|CS|TAMS 0x0000000082a00000, 0x0000000082a00000| Complete 
|  43|0x0000000082b00000, 0x0000000082c00000, 0x0000000082c00000|100%| E|CS|TAMS 0x0000000082b00000, 0x0000000082b00000| Complete 
|  44|0x0000000082c00000, 0x0000000082d00000, 0x0000000082d00000|100%| E|CS|TAMS 0x0000000082c00000, 0x0000000082c00000| Complete 
|  45|0x0000000082d00000, 0x0000000082e00000, 0x0000000082e00000|100%| E|CS|TAMS 0x0000000082d00000, 0x0000000082d00000| Complete 
|  46|0x0000000082e00000, 0x0000000082f00000, 0x0000000082f00000|100%| E|CS|TAMS 0x0000000082e00000, 0x0000000082e00000| Complete 
|  47|0x0000000082f00000, 0x0000000083000000, 0x0000000083000000|100%| S|CS|TAMS 0x0000000082f00000, 0x0000000082f00000| Complete 
|  48|0x0000000083000000, 0x0000000083100000, 0x0000000083100000|100%| S|CS|TAMS 0x0000000083000000, 0x0000000083000000| Complete 
|  49|0x0000000083100000, 0x0000000083200000, 0x0000000083200000|100%| S|CS|TAMS 0x0000000083100000, 0x0000000083100000| Complete 
|  50|0x0000000083200000, 0x0000000083300000, 0x0000000083300000|100%| S|CS|TAMS 0x0000000083200000, 0x0000000083200000| Complete 
|  51|0x0000000083300000, 0x0000000083400000, 0x0000000083400000|100%| S|CS|TAMS 0x0000000083300000, 0x0000000083300000| Complete 
|  52|0x0000000083400000, 0x0000000083500000, 0x0000000083500000|100%| S|CS|TAMS 0x0000000083400000, 0x0000000083400000| Complete 
|  53|0x0000000083500000, 0x0000000083600000, 0x0000000083600000|100%| S|CS|TAMS 0x0000000083500000, 0x0000000083500000| Complete 
|  54|0x0000000083600000, 0x0000000083700000, 0x0000000083700000|100%| E|CS|TAMS 0x0000000083600000, 0x0000000083600000| Complete 
|  55|0x0000000083700000, 0x0000000083800000, 0x0000000083800000|100%| E|CS|TAMS 0x0000000083700000, 0x0000000083700000| Complete 
|  56|0x0000000083800000, 0x0000000083900000, 0x0000000083900000|100%| E|CS|TAMS 0x0000000083800000, 0x0000000083800000| Complete 
|  57|0x0000000083900000, 0x0000000083a00000, 0x0000000083a00000|100%| E|CS|TAMS 0x0000000083900000, 0x0000000083900000| Complete 
|  58|0x0000000083a00000, 0x0000000083b00000, 0x0000000083b00000|100%| E|CS|TAMS 0x0000000083a00000, 0x0000000083a00000| Complete 
|  59|0x0000000083b00000, 0x0000000083c00000, 0x0000000083c00000|100%| E|CS|TAMS 0x0000000083b00000, 0x0000000083b00000| Complete 
|  60|0x0000000083c00000, 0x0000000083d00000, 0x0000000083d00000|100%| E|CS|TAMS 0x0000000083c00000, 0x0000000083c00000| Complete 
|  61|0x0000000083d00000, 0x0000000083e00000, 0x0000000083e00000|100%| E|CS|TAMS 0x0000000083d00000, 0x0000000083d00000| Complete 
|  62|0x0000000083e00000, 0x0000000083f00000, 0x0000000083f00000|100%| E|CS|TAMS 0x0000000083e00000, 0x0000000083e00000| Complete 
|  95|0x0000000085f00000, 0x0000000086000000, 0x0000000086000000|100%| E|CS|TAMS 0x0000000085f00000, 0x0000000085f00000| Complete 

Card table byte_map: [0x0000023172ad0000,0x0000023172ed0000] _byte_map_base: 0x00000231726d0000

Marking Bits (Prev, Next): (CMBitMap*) 0x000002315f7b9410, (CMBitMap*) 0x000002315f7b93d0
 Prev Bits: [0x00000231752d0000, 0x00000231772d0000)
 Next Bits: [0x00000231732d0000, 0x00000231752d0000)

Polling page: 0x000002315ded0000

Metaspace:

Usage:
  Non-class:     20.58 MB used.
      Class:      2.99 MB used.
       Both:     23.57 MB used.

Virtual space:
  Non-class space:       24.00 MB reserved,      20.75 MB ( 86%) committed,  3 nodes.
      Class space:        1.00 GB reserved,       3.12 MB ( <1%) committed,  1 nodes.
             Both:        1.02 GB reserved,      23.88 MB (  2%) committed. 

Chunk freelists:
   Non-Class:  2.58 MB
       Class:  742.00 KB
        Both:  3.30 MB

MaxMetaspaceSize: unlimited
CompressedClassSpaceSize: 1.00 GB
Initial GC threshold: 21.00 MB
Current GC threshold: 35.12 MB
CDS: off
MetaspaceReclaimPolicy: balanced
 - commit_granule_bytes: 65536.
 - commit_granule_words: 8192.
 - virtual_space_node_default_size: 1048576.
 - enlarge_chunks_in_place: 1.
 - new_chunks_are_fully_committed: 0.
 - uncommit_free_chunks: 1.
 - use_allocation_guard: 0.
 - handle_deallocations: 1.


Internal statistics:

num_allocs_failed_limit: 3.
num_arena_births: 194.
num_arena_deaths: 0.
num_vsnodes_births: 4.
num_vsnodes_deaths: 0.
num_space_committed: 382.
num_space_uncommitted: 0.
num_chunks_returned_to_freelist: 3.
num_chunks_taken_from_freelist: 692.
num_chunk_merges: 3.
num_chunk_splits: 463.
num_chunks_enlarged: 348.
num_purges: 0.
num_inconsistent_stats: 0.

CodeHeap 'non-profiled nmethods': size=120000Kb used=1031Kb max_used=1031Kb free=118968Kb
 bounds [0x000002316a740000, 0x000002316a9b0000, 0x0000023171c70000]
CodeHeap 'profiled nmethods': size=120000Kb used=4646Kb max_used=4646Kb free=115353Kb
 bounds [0x0000023162c70000, 0x0000023163100000, 0x000002316a1a0000]
CodeHeap 'non-nmethods': size=5760Kb used=1220Kb max_used=1244Kb free=4539Kb
 bounds [0x000002316a1a0000, 0x000002316a410000, 0x000002316a740000]
 total_blobs=2751 nmethods=2225 adapters=438
 compilation: enabled
              stopped_count=0, restarted_count=0
 full_count=0

Compilation events (20 events):
Event: 12.650 Thread 0x000002317a8294c0 nmethod 2198 0x00000231630e1f10 code [0x00000231630e20a0, 0x00000231630e21f8]
Event: 12.654 Thread 0x000002317a8294c0 2199       3       java.util.concurrent.locks.AbstractQueuedSynchronizer$Node::<init> (5 bytes)
Event: 12.655 Thread 0x000002317a8294c0 nmethod 2199 0x00000231630e2290 code [0x00000231630e2420, 0x00000231630e2578]
Event: 12.681 Thread 0x000002317a8294c0 2200       3       java.lang.StringLatin1::indexOf (25 bytes)
Event: 12.681 Thread 0x000002317a8294c0 nmethod 2200 0x00000231630e2610 code [0x00000231630e27c0, 0x00000231630e29c8]
Event: 12.696 Thread 0x000002317a8294c0 2201       3       java.util.concurrent.locks.AbstractQueuedSynchronizer$ConditionNode::<init> (5 bytes)
Event: 12.696 Thread 0x000002317a8294c0 nmethod 2201 0x00000231630e2a90 code [0x00000231630e2c40, 0x00000231630e2df8]
Event: 12.696 Thread 0x000002317a8294c0 2202       3       java.util.concurrent.locks.AbstractQueuedSynchronizer$ConditionObject::enableWait (84 bytes)
Event: 12.697 Thread 0x000002317a8294c0 nmethod 2202 0x00000231630e2f10 code [0x00000231630e3120, 0x00000231630e3868]
Event: 12.697 Thread 0x000002317a8294c0 2203       3       java.util.concurrent.locks.AbstractQueuedSynchronizer$Node::setStatusRelaxed (12 bytes)
Event: 12.697 Thread 0x000002317a8294c0 nmethod 2203 0x00000231630e3b10 code [0x00000231630e3ca0, 0x00000231630e3db8]
Event: 12.726 Thread 0x000002317a8294c0 2205       3       java.util.concurrent.locks.ReentrantLock$NonfairSync::tryAcquire (27 bytes)
Event: 12.727 Thread 0x000002317a8294c0 nmethod 2205 0x00000231630e3e90 code [0x00000231630e4040, 0x00000231630e42c8]
Event: 12.819 Thread 0x000002317a8294c0 2206       3       jdk.internal.misc.Unsafe::putIntOpaque (9 bytes)
Event: 12.819 Thread 0x000002317a8294c0 nmethod 2206 0x00000231630e4390 code [0x00000231630e4520, 0x00000231630e4638]
Event: 12.819 Thread 0x000002317a8294c0 2208   !   3       java.util.concurrent.locks.AbstractQueuedSynchronizer::acquire (407 bytes)
Event: 12.821 Thread 0x000002317a8294c0 nmethod 2208 0x00000231630e4710 code [0x00000231630e4aa0, 0x00000231630e6498]
Event: 12.897 Thread 0x000002317a8294c0 2209       3       java.util.concurrent.locks.AbstractQueuedSynchronizer$ConditionObject::unlinkCancelledWaiters (91 bytes)
Event: 12.897 Thread 0x000002317a8294c0 nmethod 2209 0x00000231630e6d90 code [0x00000231630e6f60, 0x00000231630e7418]
Event: 13.051 Thread 0x000002317a8294c0 2210       3       java.util.concurrent.ConcurrentLinkedQueue::poll (84 bytes)

GC Heap History (6 events):
Event: 4.437 GC heap before
{Heap before GC invocations=0 (full 0):
 garbage-first heap   total 98304K, used 27648K [0x0000000080000000, 0x0000000100000000)
  region size 1024K, 23 young (23552K), 0 survivors (0K)
 Metaspace       used 10293K, committed 10496K, reserved 1064960K
  class space    used 1061K, committed 1152K, reserved 1048576K
}
Event: 4.464 GC heap after
{Heap after GC invocations=1 (full 0):
 garbage-first heap   total 98304K, used 9984K [0x0000000080000000, 0x0000000100000000)
  region size 1024K, 3 young (3072K), 3 survivors (3072K)
 Metaspace       used 10293K, committed 10496K, reserved 1064960K
  class space    used 1061K, committed 1152K, reserved 1048576K
}
Event: 5.956 GC heap before
{Heap before GC invocations=1 (full 0):
 garbage-first heap   total 98304K, used 38656K [0x0000000080000000, 0x0000000100000000)
  region size 1024K, 30 young (30720K), 3 survivors (3072K)
 Metaspace       used 11230K, committed 11456K, reserved 1064960K
  class space    used 1163K, committed 1280K, reserved 1048576K
}
Event: 5.964 GC heap after
{Heap after GC invocations=2 (full 0):
 garbage-first heap   total 98304K, used 13423K [0x0000000080000000, 0x0000000100000000)
  region size 1024K, 4 young (4096K), 4 survivors (4096K)
 Metaspace       used 11230K, committed 11456K, reserved 1064960K
  class space    used 1163K, committed 1280K, reserved 1048576K
}
Event: 9.937 GC heap before
{Heap before GC invocations=2 (full 0):
 garbage-first heap   total 98304K, used 50287K [0x0000000080000000, 0x0000000100000000)
  region size 1024K, 42 young (43008K), 4 survivors (4096K)
 Metaspace       used 21190K, committed 21504K, reserved 1073152K
  class space    used 2565K, committed 2752K, reserved 1048576K
}
Event: 9.952 GC heap after
{Heap after GC invocations=3 (full 0):
 garbage-first heap   total 98304K, used 18070K [0x0000000080000000, 0x0000000100000000)
  region size 1024K, 7 young (7168K), 7 survivors (7168K)
 Metaspace       used 21190K, committed 21504K, reserved 1073152K
  class space    used 2565K, committed 2752K, reserved 1048576K
}

Dll operation events (2 events):
Event: 0.035 Loaded shared library C:\Program Files\Android\Android Studio\jbr\bin\java.dll
Event: 1.493 Loaded shared library C:\Program Files\Android\Android Studio\jbr\bin\verify.dll

Deoptimization events (20 events):
Event: 12.202 Thread 0x000002317c132130 Uncommon trap: trap_request=0xffffff45 fr.pc=0x000002316a754b38 relative=0x0000000000000198
Event: 12.202 Thread 0x000002317c132130 Uncommon trap: reason=unstable_if action=reinterpret pc=0x000002316a754b38 method=java.util.regex.Matcher.reset()Ljava/util/regex/Matcher; @ 47 c2
Event: 12.202 Thread 0x000002317c132130 DEOPT PACKING pc=0x000002316a754b38 sp=0x000000cdd7cfaee0
Event: 12.202 Thread 0x000002317c132130 DEOPT UNPACKING pc=0x000002316a1f69a3 sp=0x000000cdd7cfae68 mode 2
Event: 12.202 Thread 0x000002317c132130 Uncommon trap: trap_request=0xffffff45 fr.pc=0x000002316a755364 relative=0x0000000000000404
Event: 12.202 Thread 0x000002317c132130 Uncommon trap: reason=unstable_if action=reinterpret pc=0x000002316a755364 method=java.util.regex.Matcher.match(II)Z @ 76 c2
Event: 12.202 Thread 0x000002317c132130 DEOPT PACKING pc=0x000002316a755364 sp=0x000000cdd7cfaf10
Event: 12.202 Thread 0x000002317c132130 DEOPT UNPACKING pc=0x000002316a1f69a3 sp=0x000000cdd7cfaee0 mode 2
Event: 12.241 Thread 0x000002317c132130 Uncommon trap: trap_request=0xffffff45 fr.pc=0x000002316a7e6fb4 relative=0x0000000000000714
Event: 12.241 Thread 0x000002317c132130 Uncommon trap: reason=unstable_if action=reinterpret pc=0x000002316a7e6fb4 method=java.util.ArrayList.grow(I)[Ljava/lang/Object; @ 17 c2
Event: 12.241 Thread 0x000002317c132130 DEOPT PACKING pc=0x000002316a7e6fb4 sp=0x000000cdd7cfd0a0
Event: 12.241 Thread 0x000002317c132130 DEOPT UNPACKING pc=0x000002316a1f69a3 sp=0x000000cdd7cfcf38 mode 2
Event: 12.297 Thread 0x000002317c132130 Uncommon trap: trap_request=0xffffff45 fr.pc=0x000002316a759310 relative=0x0000000000000a90
Event: 12.297 Thread 0x000002317c132130 Uncommon trap: reason=unstable_if action=reinterpret pc=0x000002316a759310 method=java.io.WinNTFileSystem.resolve(Ljava/lang/String;Ljava/lang/String;)Ljava/lang/String; @ 19 c2
Event: 12.297 Thread 0x000002317c132130 DEOPT PACKING pc=0x000002316a759310 sp=0x000000cdd7cfcfb0
Event: 12.297 Thread 0x000002317c132130 DEOPT UNPACKING pc=0x000002316a1f69a3 sp=0x000000cdd7cfcf58 mode 2
Event: 12.300 Thread 0x000002317c132130 Uncommon trap: trap_request=0xffffff45 fr.pc=0x000002316a7b3ac0 relative=0x00000000000005a0
Event: 12.300 Thread 0x000002317c132130 Uncommon trap: reason=unstable_if action=reinterpret pc=0x000002316a7b3ac0 method=java.io.File.getName()Ljava/lang/String; @ 16 c2
Event: 12.300 Thread 0x000002317c132130 DEOPT PACKING pc=0x000002316a7b3ac0 sp=0x000000cdd7cfcf50
Event: 12.300 Thread 0x000002317c132130 DEOPT UNPACKING pc=0x000002316a1f69a3 sp=0x000000cdd7cfcf20 mode 2

Classes unloaded (0 events):
No events

Classes redefined (0 events):
No events

Internal exceptions (20 events):
Event: 6.593 Thread 0x000002315dd3cf90 Exception <a 'java/lang/NoSuchMethodError'{0x0000000085245990}: 'java.lang.Object java.lang.invoke.DirectMethodHandle$Holder.invokeInterface(java.lang.Object, java.lang.Object)'> (0x0000000085245990) 
thrown [s\src\hotspot\share\interpreter\linkResolver.cpp, line 771]
Event: 7.398 Thread 0x000002315dd3cf90 Exception <a 'java/lang/NoSuchMethodError'{0x0000000084d8b958}: 'java.lang.Object java.lang.invoke.DirectMethodHandle$Holder.invokeStaticInit(java.lang.Object, int, int, int, int)'> (0x0000000084d8b958) 
thrown [s\src\hotspot\share\interpreter\linkResolver.cpp, line 771]
Event: 7.609 Thread 0x000002315dd3cf90 Exception <a 'java/lang/NoSuchMethodError'{0x0000000084def058}: 'java.lang.Object java.lang.invoke.DirectMethodHandle$Holder.invokeStaticInit(java.lang.Object, java.lang.Object, int, int, int, int)'> (0x0000000084def058) 
thrown [s\src\hotspot\share\interpreter\linkResolver.cpp, line 771]
Event: 8.171 Thread 0x000002315dd3cf90 Exception <a 'java/lang/NoSuchMethodError'{0x0000000084b0caa8}: 'void java.lang.invoke.DirectMethodHandle$Holder.invokeStatic(java.lang.Object, java.lang.Object, java.lang.Object)'> (0x0000000084b0caa8) 
thrown [s\src\hotspot\share\interpreter\linkResolver.cpp, line 771]
Event: 8.240 Thread 0x000002315dd3cf90 Exception <a 'java/io/IOException'{0x0000000084bafc38}> (0x0000000084bafc38) 
thrown [s\src\hotspot\share\prims\jni.cpp, line 517]
Event: 9.226 Thread 0x000002317c132130 Exception <a 'java/lang/NoSuchMethodError'{0x0000000084442b78}: 'long java.lang.invoke.DirectMethodHandle$Holder.invokeInterface(java.lang.Object, java.lang.Object)'> (0x0000000084442b78) 
thrown [s\src\hotspot\share\interpreter\linkResolver.cpp, line 771]
Event: 9.244 Thread 0x000002317c132130 Exception <a 'java/lang/NoSuchMethodError'{0x00000000844847e8}: 'java.lang.Object java.lang.invoke.DirectMethodHandle$Holder.invokeVirtual(java.lang.Object, java.lang.Object, java.lang.Object)'> (0x00000000844847e8) 
thrown [s\src\hotspot\share\interpreter\linkResolver.cpp, line 771]
Event: 9.560 Thread 0x000002317c132130 Exception <a 'java/lang/NoSuchMethodError'{0x0000000083cda700}: 'java.lang.Object java.lang.invoke.DirectMethodHandle$Holder.newInvokeSpecial(java.lang.Object, java.lang.Object, java.lang.Object, java.lang.Object, java.lang.Object)'> (0x0000000083cda700) 
thrown [s\src\hotspot\share\interpreter\linkResolver.cpp, line 771]
Event: 9.666 Thread 0x000002317c132130 Exception <a 'java/lang/NoSuchMethodError'{0x0000000083a7f5c8}: 'void java.lang.invoke.DirectMethodHandle$Holder.invokeSpecial(java.lang.Object, java.lang.Object, java.lang.Object)'> (0x0000000083a7f5c8) 
thrown [s\src\hotspot\share\interpreter\linkResolver.cpp, line 771]
Event: 9.702 Thread 0x000002317c132130 Exception <a 'java/lang/NoSuchMethodError'{0x0000000083900318}: 'java.lang.Object java.lang.invoke.DirectMethodHandle$Holder.newInvokeSpecial(java.lang.Object, java.lang.Object, java.lang.Object, java.lang.Object, java.lang.Object, java.lang.Object)'> (0x0000000083900318) 
thrown [s\src\hotspot\share\interpreter\linkResolver.cpp, line 771]
Event: 9.706 Thread 0x000002317c132130 Exception <a 'java/lang/NoSuchMethodError'{0x000000008390d620}: 'void java.lang.invoke.DirectMethodHandle$Holder.invokeSpecial(java.lang.Object, java.lang.Object, java.lang.Object, java.lang.Object, java.lang.Object)'> (0x000000008390d620) 
thrown [s\src\hotspot\share\interpreter\linkResolver.cpp, line 771]
Event: 9.884 Thread 0x000002317c132130 Exception <a 'java/lang/NoSuchMethodError'{0x0000000083796ee8}: 'void java.lang.invoke.DelegatingMethodHandle$Holder.reinvoke_L(java.lang.Object, java.lang.Object, java.lang.Object, java.lang.Object, java.lang.Object, java.lang.Object, java.lang.Object, java.lang.Object, java.lang.Object, java.lang.Object, java.lang.Object)'> (0x0000000083796ee8) 
thrown [s\src\hotspot\share\interpreter\linkResolver.cpp, line 771]
Event: 9.885 Thread 0x000002317c132130 Exception <a 'java/lang/NoSuchMethodError'{0x000000008379f9e8}: 'java.lang.Object java.lang.invoke.DirectMethodHandle$Holder.invokeSpecial(java.lang.Object, java.lang.Object, java.lang.Object, java.lang.Object, java.lang.Object, java.lang.Object, java.lang.Object, java.lang.Object, java.lang.Object, java.lang.Object, java.lang.Object)'> (0x000000008379f9e8) 
thrown [s\src\hotspot\share\interpreter\linkResolver.cpp, line 771]
Event: 9.885 Thread 0x000002317c132130 Exception <a 'java/lang/NoSuchMethodError'{0x00000000837a44b0}: 'java.lang.Object java.lang.invoke.Invokers$Holder.invoker(java.lang.Object, java.lang.Object, java.lang.Object, java.lang.Object, java.lang.Object, java.lang.Object, java.lang.Object, java.lang.Object, java.lang.Object, java.lang.Object, java.lang.Object)'> (0x00000000837a44b0) 
thrown [s\src\hotspot\share\interpreter\linkResolver.cpp, line 771]
Event: 9.887 Thread 0x000002317c132130 Exception <a 'java/lang/NoSuchMethodError'{0x00000000837aa2a8}: 'java.lang.Object java.lang.invoke.DirectMethodHandle$Holder.invokeSpecial(java.lang.Object, java.lang.Object, java.lang.Object, java.lang.Object, java.lang.Object, java.lang.Object, java.lang.Object, java.lang.Object, java.lang.Object, java.lang.Object, java.lang.Object, java.lang.Object)'> (0x00000000837aa2a8) 
thrown [s\src\hotspot\share\interpreter\linkResolver.cpp, line 771]
Event: 10.063 Thread 0x000002317c132130 Exception <a 'java/lang/NoSuchMethodError'{0x0000000085fb88e0}: 'java.lang.Object java.lang.invoke.DirectMethodHandle$Holder.invokeSpecial(java.lang.Object, java.lang.Object, java.lang.Object, java.lang.Object, java.lang.Object, java.lang.Object, java.lang.Object, java.lang.Object, java.lang.Object)'> (0x0000000085fb88e0) 
thrown [s\src\hotspot\share\interpreter\linkResolver.cpp, line 771]
Event: 10.377 Thread 0x000002317c132130 Exception <a 'java/lang/NoSuchMethodError'{0x0000000083cf7760}: 'void java.lang.invoke.DirectMethodHandle$Holder.invokeStaticInit(java.lang.Object)'> (0x0000000083cf7760) 
thrown [s\src\hotspot\share\interpreter\linkResolver.cpp, line 771]
Event: 10.439 Thread 0x000002317c132130 Exception <a 'java/lang/NoSuchMethodError'{0x0000000083b8a488}: 'java.lang.Object java.lang.invoke.DirectMethodHandle$Holder.newInvokeSpecial(java.lang.Object, java.lang.Object, java.lang.Object, int)'> (0x0000000083b8a488) 
thrown [s\src\hotspot\share\interpreter\linkResolver.cpp, line 771]
Event: 10.441 Thread 0x000002317c132130 Exception <a 'java/lang/NoSuchMethodError'{0x0000000083b8edb8}: 'java.lang.Object java.lang.invoke.DirectMethodHandle$Holder.invokeSpecial(java.lang.Object, java.lang.Object, java.lang.Object, java.lang.Object, int)'> (0x0000000083b8edb8) 
thrown [s\src\hotspot\share\interpreter\linkResolver.cpp, line 771]
Event: 10.442 Thread 0x000002317c132130 Exception <a 'java/lang/NoSuchMethodError'{0x0000000083b92ed0}: 'java.lang.Object java.lang.invoke.Invokers$Holder.linkToTargetMethod(java.lang.Object, java.lang.Object, int, java.lang.Object)'> (0x0000000083b92ed0) 
thrown [s\src\hotspot\share\interpreter\linkResolver.cpp, line 771]

VM Operations (20 events):
Event: 8.752 Executing VM operation: HandshakeAllThreads done
Event: 8.752 Executing VM operation: Cleanup
Event: 8.752 Executing VM operation: Cleanup done
Event: 9.765 Executing VM operation: Cleanup
Event: 9.766 Executing VM operation: Cleanup done
Event: 9.937 Executing VM operation: CollectForMetadataAllocation
Event: 9.952 Executing VM operation: CollectForMetadataAllocation done
Event: 9.961 Executing VM operation: G1Concurrent
Event: 9.963 Executing VM operation: G1Concurrent done
Event: 9.965 Executing VM operation: G1Concurrent
Event: 9.972 Executing VM operation: G1Concurrent done
Event: 10.977 Executing VM operation: Cleanup
Event: 10.977 Executing VM operation: Cleanup done
Event: 12.363 Executing VM operation: HandshakeAllThreads
Event: 12.363 Executing VM operation: HandshakeAllThreads done
Event: 12.363 Executing VM operation: Cleanup
Event: 12.363 Executing VM operation: Cleanup done
Event: 12.363 Executing VM operation: HandshakeAllThreads
Event: 12.363 Executing VM operation: HandshakeAllThreads done
Event: 13.377 Executing VM operation: Cleanup

Events (20 events):
Event: 12.326 loading class java/io/FilenameFilter done
Event: 12.327 loading class java/util/zip/CheckedInputStream
Event: 12.327 loading class java/util/zip/CheckedInputStream done
Event: 12.627 loading class sun/security/provider/MD5
Event: 12.627 loading class sun/security/provider/MD5 done
Event: 12.627 loading class sun/security/provider/SHA5$SHA512
Event: 12.628 loading class sun/security/provider/SHA5
Event: 12.628 loading class sun/security/provider/SHA5 done
Event: 12.628 loading class sun/security/provider/SHA5$SHA512 done
Event: 12.630 loading class sun/security/provider/ByteArrayAccess$LE
Event: 12.630 loading class sun/security/provider/ByteArrayAccess$LE done
Event: 12.639 Thread 0x000002317aabf2e0 Thread added: 0x000002317aabf2e0
Event: 12.652 Thread 0x000002317aabd600 Thread added: 0x000002317aabd600
Event: 12.678 loading class java/nio/file/attribute/PosixFilePermission
Event: 12.678 loading class java/nio/file/attribute/PosixFilePermission done
Event: 12.679 loading class java/nio/file/NoSuchFileException
Event: 12.679 loading class java/nio/file/FileSystemException
Event: 12.680 loading class java/nio/file/FileSystemException done
Event: 12.680 loading class java/nio/file/NoSuchFileException done
Event: 12.681 loading class java/nio/file/attribute/PosixFilePermissions


Dynamic libraries:
0x00007ff7641b0000 - 0x00007ff7641ba000 	C:\Program Files\Android\Android Studio\jbr\bin\java.exe
0x00007ffe3d890000 - 0x00007ffe3dae5000 	C:\WINDOWS\SYSTEM32\ntdll.dll
0x00007ffe3c5b0000 - 0x00007ffe3c676000 	C:\WINDOWS\System32\KERNEL32.DLL
0x00007ffe3b260000 - 0x00007ffe3b600000 	C:\WINDOWS\System32\KERNELBASE.dll
0x00007ffe3b110000 - 0x00007ffe3b25a000 	C:\WINDOWS\System32\ucrtbase.dll
0x00007ffe266c0000 - 0x00007ffe266d7000 	C:\Program Files\Android\Android Studio\jbr\bin\jli.dll
0x00007ffe2b9c0000 - 0x00007ffe2b9db000 	C:\Program Files\Android\Android Studio\jbr\bin\VCRUNTIME140.dll
0x00007ffe3be20000 - 0x00007ffe3bfdf000 	C:\WINDOWS\System32\USER32.dll
0x00007ffe26320000 - 0x00007ffe265b0000 	C:\WINDOWS\WinSxS\amd64_microsoft.windows.common-controls_6595b64144ccf1df_6.0.26100.383_none_444781051c2d93b5\COMCTL32.dll
0x00007ffe3b0e0000 - 0x00007ffe3b107000 	C:\WINDOWS\System32\win32u.dll
0x00007ffe3b7c0000 - 0x00007ffe3b7ea000 	C:\WINDOWS\System32\GDI32.dll
0x00007ffe3afb0000 - 0x00007ffe3b0d1000 	C:\WINDOWS\System32\gdi32full.dll
0x00007ffe3b930000 - 0x00007ffe3b9d9000 	C:\WINDOWS\System32\msvcrt.dll
0x00007ffe3ad80000 - 0x00007ffe3ae23000 	C:\WINDOWS\System32\msvcp_win.dll
0x00007ffe3c880000 - 0x00007ffe3c8af000 	C:\WINDOWS\System32\IMM32.DLL
0x00007ffe2c9e0000 - 0x00007ffe2c9ec000 	C:\Program Files\Android\Android Studio\jbr\bin\vcruntime140_1.dll
0x00007ffdb9670000 - 0x00007ffdb96fd000 	C:\Program Files\Android\Android Studio\jbr\bin\msvcp140.dll
0x00007ffd75e80000 - 0x00007ffd76aee000 	C:\Program Files\Android\Android Studio\jbr\bin\server\jvm.dll
0x00007ffe3b7f0000 - 0x00007ffe3b8a2000 	C:\WINDOWS\System32\ADVAPI32.dll
0x00007ffe3c100000 - 0x00007ffe3c1a6000 	C:\WINDOWS\System32\sechost.dll
0x00007ffe3c760000 - 0x00007ffe3c876000 	C:\WINDOWS\System32\RPCRT4.dll
0x00007ffe343c0000 - 0x00007ffe343f6000 	C:\WINDOWS\SYSTEM32\WINMM.dll
0x00007ffe34400000 - 0x00007ffe3440b000 	C:\WINDOWS\SYSTEM32\VERSION.dll
0x00007ffe31850000 - 0x00007ffe3185a000 	C:\WINDOWS\SYSTEM32\WSOCK32.dll
0x00007ffe3d7d0000 - 0x00007ffe3d844000 	C:\WINDOWS\System32\WS2_32.dll
0x00007ffe39bc0000 - 0x00007ffe39bda000 	C:\WINDOWS\SYSTEM32\kernel.appcore.dll
0x00007ffe2ca30000 - 0x00007ffe2ca3a000 	C:\Program Files\Android\Android Studio\jbr\bin\jimage.dll
0x00007ffe2ea50000 - 0x00007ffe2ec91000 	C:\WINDOWS\SYSTEM32\DBGHELP.DLL
0x00007ffe3b9e0000 - 0x00007ffe3bd55000 	C:\WINDOWS\System32\combase.dll
0x00007ffe3c1b0000 - 0x00007ffe3c286000 	C:\WINDOWS\System32\OLEAUT32.dll
0x00007ffe30420000 - 0x00007ffe30459000 	C:\WINDOWS\SYSTEM32\dbgcore.DLL
0x00007ffe3ace0000 - 0x00007ffe3ad79000 	C:\WINDOWS\System32\bcryptPrimitives.dll
0x00007ffe27940000 - 0x00007ffe27965000 	C:\Program Files\Android\Android Studio\jbr\bin\java.dll
0x00007ffe2ba30000 - 0x00007ffe2ba48000 	C:\Program Files\Android\Android Studio\jbr\bin\zip.dll
0x00007ffe3c920000 - 0x00007ffe3d006000 	C:\WINDOWS\System32\SHELL32.dll
0x00007ffe38b40000 - 0x00007ffe39362000 	C:\WINDOWS\SYSTEM32\windows.storage.dll
0x00007ffe3c680000 - 0x00007ffe3c753000 	C:\WINDOWS\System32\SHCORE.dll
0x00007ffe3b760000 - 0x00007ffe3b7bd000 	C:\WINDOWS\System32\shlwapi.dll
0x00007ffe3ac00000 - 0x00007ffe3ac24000 	C:\WINDOWS\SYSTEM32\profapi.dll
0x00007ffe28780000 - 0x00007ffe28799000 	C:\Program Files\Android\Android Studio\jbr\bin\net.dll
0x00007ffe30f00000 - 0x00007ffe3101d000 	C:\WINDOWS\SYSTEM32\WINHTTP.dll
0x00007ffe3a080000 - 0x00007ffe3a0e8000 	C:\WINDOWS\system32\mswsock.dll
0x00007ffe27490000 - 0x00007ffe274a6000 	C:\Program Files\Android\Android Studio\jbr\bin\nio.dll
0x00007ffe2ca20000 - 0x00007ffe2ca30000 	C:\Program Files\Android\Android Studio\jbr\bin\verify.dll
0x00007ffe2c9f0000 - 0x00007ffe2ca17000 	C:\Users\DELL\.gradle\native\68d5fa5c4cc2d200863cafc0d521ce42e7d3e7ee720ec0a83991735586a16f82\windows-amd64\native-platform.dll
0x00007ffdb4ca0000 - 0x00007ffdb4de4000 	C:\Users\DELL\.gradle\native\e376f236ea51e6404a007f0833ffe2c6e607c4080706a723a18a27aeea778392\windows-amd64\native-platform-file-events.dll
0x00007ffe2b680000 - 0x00007ffe2b689000 	C:\Program Files\Android\Android Studio\jbr\bin\management.dll
0x00007ffe28610000 - 0x00007ffe2861b000 	C:\Program Files\Android\Android Studio\jbr\bin\management_ext.dll
0x00007ffe3c290000 - 0x00007ffe3c298000 	C:\WINDOWS\System32\PSAPI.DLL
0x00007ffe3a300000 - 0x00007ffe3a31c000 	C:\WINDOWS\SYSTEM32\CRYPTSP.dll
0x00007ffe39b20000 - 0x00007ffe39b58000 	C:\WINDOWS\system32\rsaenh.dll
0x00007ffe3a120000 - 0x00007ffe3a14b000 	C:\WINDOWS\SYSTEM32\USERENV.dll
0x00007ffe3a540000 - 0x00007ffe3a566000 	C:\WINDOWS\SYSTEM32\bcrypt.dll
0x00007ffe3a320000 - 0x00007ffe3a32c000 	C:\WINDOWS\SYSTEM32\CRYPTBASE.dll
0x00007ffe39680000 - 0x00007ffe396b0000 	C:\WINDOWS\SYSTEM32\IPHLPAPI.DLL
0x00007ffe3be10000 - 0x00007ffe3be1a000 	C:\WINDOWS\System32\NSI.dll
0x00007ffe31320000 - 0x00007ffe3133d000 	C:\WINDOWS\SYSTEM32\dhcpcsvc6.DLL
0x00007ffe31070000 - 0x00007ffe31094000 	C:\WINDOWS\SYSTEM32\dhcpcsvc.DLL
0x00007ffe39700000 - 0x00007ffe3981d000 	C:\WINDOWS\SYSTEM32\DNSAPI.dll
0x00007ffe04ee0000 - 0x00007ffe04ee8000 	C:\WINDOWS\system32\wshunix.dll

dbghelp: loaded successfully - version: 4.0.5 - missing functions: none
symbol engine: initialized successfully - sym options: 0x614 - pdb path: .;C:\Program Files\Android\Android Studio\jbr\bin;C:\WINDOWS\SYSTEM32;C:\WINDOWS\WinSxS\amd64_microsoft.windows.common-controls_6595b64144ccf1df_6.0.26100.383_none_444781051c2d93b5;C:\Program Files\Android\Android Studio\jbr\bin\server;C:\Users\DELL\.gradle\native\68d5fa5c4cc2d200863cafc0d521ce42e7d3e7ee720ec0a83991735586a16f82\windows-amd64;C:\Users\DELL\.gradle\native\e376f236ea51e6404a007f0833ffe2c6e607c4080706a723a18a27aeea778392\windows-amd64

VM Arguments:
jvm_args: --add-opens=java.base/java.util=ALL-UNNAMED --add-opens=java.base/java.lang=ALL-UNNAMED --add-opens=java.base/java.lang.invoke=ALL-UNNAMED --add-opens=java.prefs/java.util.prefs=ALL-UNNAMED --add-opens=java.base/java.nio.charset=ALL-UNNAMED --add-opens=java.base/java.net=ALL-UNNAMED --add-opens=java.base/java.util.concurrent.atomic=ALL-UNNAMED -Xmx2048m -Dfile.encoding=UTF-8 -Duser.country=ES -Duser.language=es -Duser.variant 
java_command: org.gradle.launcher.daemon.bootstrap.GradleDaemon 8.0
java_class_path (initial): C:\Users\DELL\.gradle\wrapper\dists\gradle-8.0-bin\ca5e32bp14vu59qr306oxotwh\gradle-8.0\lib\gradle-launcher-8.0.jar
Launcher Type: SUN_STANDARD

[Global flags]
     intx CICompilerCount                          = 4                                         {product} {ergonomic}
     uint ConcGCThreads                            = 2                                         {product} {ergonomic}
     uint G1ConcRefinementThreads                  = 8                                         {product} {ergonomic}
   size_t G1HeapRegionSize                         = 1048576                                   {product} {ergonomic}
    uintx GCDrainStackTargetSize                   = 64                                        {product} {ergonomic}
   size_t InitialHeapSize                          = 100663296                                 {product} {ergonomic}
   size_t MarkStackSize                            = 4194304                                   {product} {ergonomic}
   size_t MaxHeapSize                              = 2147483648                                {product} {command line}
   size_t MaxNewSize                               = 1287651328                                {product} {ergonomic}
   size_t MinHeapDeltaBytes                        = 1048576                                   {product} {ergonomic}
   size_t MinHeapSize                              = 8388608                                   {product} {ergonomic}
    uintx NonNMethodCodeHeapSize                   = 5839372                                {pd product} {ergonomic}
    uintx NonProfiledCodeHeapSize                  = 122909434                              {pd product} {ergonomic}
    uintx ProfiledCodeHeapSize                     = 122909434                              {pd product} {ergonomic}
    uintx ReservedCodeCacheSize                    = 251658240                              {pd product} {ergonomic}
     bool SegmentedCodeCache                       = true                                      {product} {ergonomic}
   size_t SoftMaxHeapSize                          = 2147483648                             {manageable} {ergonomic}
     bool UseCompressedClassPointers               = true                           {product lp64_product} {ergonomic}
     bool UseCompressedOops                        = true                           {product lp64_product} {ergonomic}
     bool UseG1GC                                  = true                                      {product} {ergonomic}
     bool UseLargePagesIndividualAllocation        = false                                  {pd product} {ergonomic}

Logging:
Log output configuration:
 #0: stdout all=warning uptime,level,tags
 #1: stderr all=off uptime,level,tags

Environment Variables:
PATH=C:\Program Files\Common Files\Oracle\Java\javapath;C:\Program Files (x86)\Rockwell Software\RSCommon;C:\WINDOWS\system32;C:\WINDOWS;C:\WINDOWS\System32\Wbem;C:\WINDOWS\System32\WindowsPowerShell\v1.0\;C:\WINDOWS\System32\OpenSSH\;C:\Program Files\dotnet\;C:\Program Files\Git\cmd;C:\Program Files\Git\mingw64\bin;C:\Program Files\Git\usr\bin;C:\Users\DELL\AppData\Local\Microsoft\WindowsApps;C:\Users\DELL\AppData\Local\Programs\Microsoft VS Code\bin;C:\GnuWin32\bin;C:\MinGW\bin;C:\Users\DELL\AppData\Local\Programs\Python\Python311;C:\Users\DELL\AppData\Local\Programs\Python\Python311\Scripts;C:\MicMac\;
USERNAME=DELL
OS=Windows_NT
PROCESSOR_IDENTIFIER=AMD64 Family 23 Model 24 Stepping 1, AuthenticAMD
TMP=C:\Users\DELL\AppData\Local\Temp
TEMP=C:\Users\DELL\AppData\Local\Temp


JNI global refs:
JNI global refs: 23, weak refs: 1

JNI global refs memory usage: 843, weak refs: 841


---------------  S Y S T E M  ---------------

OS:
 Windows 11 , 64 bit Build 26100 (10.0.26100.391)
OS uptime: 10 days 22:03 hours

CPU: total 8 (initial active 8) (8 cores per cpu, 2 threads per core) family 23 model 24 stepping 1 microcode 0x8108109, cx8, cmov, fxsr, ht, mmx, 3dnowpref, sse, sse2, sse3, ssse3, sse4a, sse4.1, sse4.2, popcnt, lzcnt, tsc, tscinvbit, avx, avx2, aes, clmul, bmi1, bmi2, adx, sha, fma, vzeroupper, clflush, clflushopt

Memory: 4k page, system-wide physical 6030M (245M free)
TotalPageFile size 24462M (AvailPageFile size 19M)
current process WorkingSet (physical memory assigned to process): 111M, peak: 127M
current process commit charge ("private bytes"): 199M, peak: 219M

vm_info: OpenJDK 64-Bit Server VM (17.0.6+0-b2043.56-10027231) for windows-amd64 JRE (17.0.6+0-b2043.56-10027231), built on Apr 28 2023 00:43:19 by "androidbuild" with MS VC++ 16.10 / 16.11 (VS2019)

END.
